<?xml version="1.0" encoding="UTF-8"?>
<!-- Generated by org.testng.reporters.JUnitReportReporter -->
<testsuite skipped="0" hostname="acer" name="soapUIDemo.SoapUITestngTest" tests="1" failures="0" timestamp="08 May 2020 11:51:07 GMT" time="5.104" errors="0">
  <testcase name="SoapUItestrun" time="5.104" classname="soapUIDemo.SoapUITestngTest"/>
</testsuite> <!-- soapUIDemo.SoapUITestngTest -->
