<?xml version="1.0" encoding="UTF-8"?>
<!-- Generated by org.testng.reporters.JUnitReportReporter -->
<testsuite skipped="0" hostname="acer" name="soapUIDemo.SingleSoapUITest" tests="1" failures="0" timestamp="08 May 2020 09:28:37 GMT" time="6.118" errors="0">
  <testcase name="SoapUItestrun" time="6.118" classname="soapUIDemo.SingleSoapUITest"/>
</testsuite> <!-- soapUIDemo.SingleSoapUITest -->
