<?xml version="1.0" encoding="UTF-8"?>
<!-- Generated by org.testng.reporters.JUnitReportReporter -->
<testsuite skipped="0" hostname="acer" name="SOAPservice.SingleSoapUITest" tests="1" failures="0" timestamp="09 May 2020 05:29:17 GMT" time="1.641" errors="0">
  <testcase name="SoapUItestrun" time="1.641" classname="SOAPservice.SingleSoapUITest"/>
</testsuite> <!-- SOAPservice.SingleSoapUITest -->
