<?xml version="1.0" encoding="UTF-8"?>
<!-- Generated by org.testng.reporters.JUnitReportReporter -->
<testsuite skipped="0" hostname="acer" name="soapUIDemo.RESTservicesTest" tests="1" failures="0" timestamp="08 May 2020 12:17:10 GMT" time="13.720" errors="0">
  <testcase name="SoapUItestrun" time="13.720" classname="soapUIDemo.RESTservicesTest"/>
</testsuite> <!-- soapUIDemo.RESTservicesTest -->
