<?xml version="1.0" encoding="UTF-8"?>
<!-- Generated by org.testng.reporters.JUnitReportReporter -->
<testsuite skipped="0" hostname="acer" name="RESTservice.SoapUIRESTserviceTest" tests="1" failures="0" timestamp="09 May 2020 05:29:17 GMT" time="0.440" errors="0">
  <testcase name="SoapUItestrun" time="0.440" classname="RESTservice.SoapUIRESTserviceTest"/>
</testsuite> <!-- RESTservice.SoapUIRESTserviceTest -->
