<?xml version="1.0" encoding="UTF-8"?>
<!-- Generated by org.testng.reporters.JUnitReportReporter -->
<testsuite skipped="0" hostname="acer" name="soapUIDemo.SingleRestTest" tests="1" failures="0" timestamp="08 May 2020 12:27:34 GMT" time="6.725" errors="0">
  <testcase name="SoapUItestrun" time="6.725" classname="soapUIDemo.SingleRestTest"/>
</testsuite> <!-- soapUIDemo.SingleRestTest -->
