<?xml version="1.0" encoding="UTF-8"?>
<!-- Generated by org.testng.reporters.JUnitReportReporter -->
<testsuite skipped="0" hostname="acer" name="RESTservice.SingleRestTest" tests="1" failures="0" timestamp="09 May 2020 05:29:17 GMT" time="0.196" errors="0">
  <testcase name="SoapUItestrun" time="0.196" classname="RESTservice.SingleRestTest"/>
</testsuite> <!-- RESTservice.SingleRestTest -->
