<?xml version="1.0" encoding="UTF-8"?>
<!-- Generated by org.testng.reporters.JUnitReportReporter -->
<testsuite skipped="0" hostname="acer" name="soapUIDemo.SoapUIRESTserviceTest" tests="1" failures="0" timestamp="08 May 2020 11:51:52 GMT" time="4.908" errors="0">
  <testcase name="SoapUItestrun" time="4.908" classname="soapUIDemo.SoapUIRESTserviceTest"/>
</testsuite> <!-- soapUIDemo.SoapUIRESTserviceTest -->
